<?xml version="1.0" encoding="UTF-8"?>
<!-- Generated by org.testng.reporters.JUnitXMLReporter -->
<testsuite ignored="0" hostname="DESKTOP-A3145QO" failures="0" tests="4" name="cartPage" time="10.321" errors="0" timestamp="2024-07-07T12:12:12 IST">
  <testcase classname="swagLabs02_Tests.A03_CartTest" name="prodDesc" time="0.067"/>
  <testcase classname="swagLabs02_Tests.A03_CartTest" name="remProd" time="0.228"/>
  <testcase classname="swagLabs02_Tests.A03_CartTest" name="continueShop" time="0.816"/>
  <testcase classname="swagLabs02_Tests.A03_CartTest" name="checkoutPro" time="0.28"/>
</testsuite> <!-- cartPage -->
