<?xml version="1.0" encoding="UTF-8"?>
<!-- Generated by org.testng.reporters.JUnitXMLReporter -->
<testsuite ignored="0" hostname="DESKTOP-A3145QO" failures="0" tests="3" name="checkoutPage" time="7.987" errors="0" timestamp="2024-07-06T18:34:57 IST">
  <testcase classname="swagLabs02_Tests.A04_CheckoutTest" name="checkTitle" time="0.038"/>
  <testcase classname="swagLabs02_Tests.A04_CheckoutTest" name="cancelCheckout" time="0.107"/>
  <testcase classname="swagLabs02_Tests.A04_CheckoutTest" name="continueCheckout" time="0.588"/>
</testsuite> <!-- checkoutPage -->
