<?xml version="1.0" encoding="UTF-8"?>
<!-- Generated by org.testng.reporters.JUnitXMLReporter -->
<testsuite ignored="0" hostname="DESKTOP-A3145QO" failures="0" tests="3" name="checkoutPage" time="8.382" errors="0" timestamp="2024-07-16T14:00:40 IST">
  <testcase classname="swagLabs02_Tests.A04_CheckoutTest" name="checkTitle" time="0.043"/>
  <testcase classname="swagLabs02_Tests.A04_CheckoutTest" name="cancelCheckout" time="0.107"/>
  <testcase classname="swagLabs02_Tests.A04_CheckoutTest" name="continueCheckout" time="0.684"/>
</testsuite> <!-- checkoutPage -->
