<?xml version="1.0" encoding="UTF-8"?>
<!-- Generated by org.testng.reporters.JUnitXMLReporter -->
<testsuite ignored="0" hostname="DESKTOP-A3145QO" failures="0" tests="4" name="inventoryPage" time="8.365" errors="0" timestamp="2024-07-19T11:45:02 IST">
  <testcase classname="swagLabs02_Tests.A02_InventoryTest" name="getCount" time="0.045"/>
  <testcase classname="swagLabs02_Tests.A02_InventoryTest" name="getprodNames" time="0.172"/>
  <testcase classname="swagLabs02_Tests.A02_InventoryTest" name="addCart" time="0.484"/>
  <testcase classname="swagLabs02_Tests.A02_InventoryTest" name="openCart" time="0.109"/>
</testsuite> <!-- inventoryPage -->
