<?xml version="1.0" encoding="UTF-8"?>
<!-- Generated by org.testng.reporters.JUnitXMLReporter -->
<testsuite ignored="0" hostname="DESKTOP-A3145QO" failures="0" tests="3" name="loginPage" time="8.165" errors="0" timestamp="2024-07-05T10:34:57 IST">
  <testcase classname="swagLabs02_Tests.A01_LoginTest" name="verifyUrl" time="0.045"/>
  <testcase classname="swagLabs02_Tests.A01_LoginTest" name="verifyTitle" time="0.016"/>
  <testcase classname="swagLabs02_Tests.A01_LoginTest" name="login" time="0.735"/>
</testsuite> <!-- loginPage -->
