<?xml version="1.0" encoding="UTF-8"?>
<!-- Generated by org.testng.reporters.JUnitXMLReporter -->
<testsuite ignored="0" hostname="DESKTOP-A3145QO" failures="0" tests="3" name="loginPage" time="8.187" errors="0" timestamp="2024-07-06T18:34:34 IST">
  <testcase classname="swagLabs02_Tests.A01_LoginTest" name="verifyUrl" time="0.06"/>
  <testcase classname="swagLabs02_Tests.A01_LoginTest" name="verifyTitle" time="0.031"/>
  <testcase classname="swagLabs02_Tests.A01_LoginTest" name="login" time="0.624"/>
</testsuite> <!-- loginPage -->
