<?xml version="1.0" encoding="UTF-8"?>
<!-- Generated by org.testng.reporters.JUnitXMLReporter -->
<testsuite ignored="0" hostname="DESKTOP-A3145QO" failures="0" tests="4" name="cartPage" time="10.252" errors="0" timestamp="2024-07-17T18:44:52 IST">
  <testcase classname="swagLabs02_Tests.A03_CartTest" name="prodDesc" time="0.044"/>
  <testcase classname="swagLabs02_Tests.A03_CartTest" name="remProd" time="0.195"/>
  <testcase classname="swagLabs02_Tests.A03_CartTest" name="continueShop" time="0.585"/>
  <testcase classname="swagLabs02_Tests.A03_CartTest" name="checkoutPro" time="0.221"/>
</testsuite> <!-- cartPage -->
