<?xml version="1.0" encoding="UTF-8"?>
<!-- Generated by org.testng.reporters.JUnitXMLReporter -->
<testsuite ignored="0" hostname="DESKTOP-A3145QO" failures="0" tests="3" name="loginPage" time="8.794" errors="0" timestamp="2024-07-17T18:44:33 IST">
  <testcase classname="swagLabs02_Tests.A01_LoginTest" name="verifyUrl" time="0.107"/>
  <testcase classname="swagLabs02_Tests.A01_LoginTest" name="verifyTitle" time="0.027"/>
  <testcase classname="swagLabs02_Tests.A01_LoginTest" name="login" time="0.645"/>
</testsuite> <!-- loginPage -->
