<?xml version="1.0" encoding="UTF-8"?>
<testng-results ignored="0" total="16" passed="16" failed="0" skipped="0">
  <reporter-output>
  </reporter-output>
  <suite started-at="2024-07-07T12:11:41 IST" name="Suite" finished-at="2024-07-07T12:12:32 IST" duration-ms="50915">
    <groups>
    </groups>
    <test started-at="2024-07-07T12:11:41 IST" name="loginPage" finished-at="2024-07-07T12:11:51 IST" duration-ms="10113">
      <class name="swagLabs02_Tests.A01_LoginTest">
        <test-method is-config="true" signature="setupBrow()[pri:0, instance:swagLabs02_Tests.A01_LoginTest@70e9c95d]" started-at="2024-07-07T12:11:41 IST" name="setupBrow" finished-at="2024-07-07T12:11:48 IST" duration-ms="6349" status="PASS">
          <reporter-output>
          </reporter-output>
        </test-method> <!-- setupBrow -->
        <test-method signature="verifyUrl()[pri:1, instance:swagLabs02_Tests.A01_LoginTest@70e9c95d]" started-at="2024-07-07T12:11:48 IST" name="verifyUrl" finished-at="2024-07-07T12:11:48 IST" duration-ms="69" status="PASS">
          <reporter-output>
          </reporter-output>
        </test-method> <!-- verifyUrl -->
        <test-method signature="verifyTitle()[pri:2, instance:swagLabs02_Tests.A01_LoginTest@70e9c95d]" started-at="2024-07-07T12:11:48 IST" name="verifyTitle" finished-at="2024-07-07T12:11:48 IST" duration-ms="26" status="PASS">
          <reporter-output>
          </reporter-output>
        </test-method> <!-- verifyTitle -->
        <test-method signature="login()[pri:3, instance:swagLabs02_Tests.A01_LoginTest@70e9c95d]" started-at="2024-07-07T12:11:48 IST" name="login" finished-at="2024-07-07T12:11:49 IST" duration-ms="1048" status="PASS">
          <reporter-output>
          </reporter-output>
        </test-method> <!-- login -->
        <test-method is-config="true" signature="tearDown()[pri:0, instance:swagLabs02_Tests.A01_LoginTest@70e9c95d]" started-at="2024-07-07T12:11:49 IST" name="tearDown" finished-at="2024-07-07T12:11:51 IST" duration-ms="2384" status="PASS">
          <reporter-output>
          </reporter-output>
        </test-method> <!-- tearDown -->
      </class> <!-- swagLabs02_Tests.A01_LoginTest -->
    </test> <!-- loginPage -->
    <test started-at="2024-07-07T12:11:51 IST" name="inventoryPage" finished-at="2024-07-07T12:12:01 IST" duration-ms="9874">
      <class name="swagLabs02_Tests.A02_InventoryTest">
        <test-method is-config="true" signature="setupBrow()[pri:0, instance:swagLabs02_Tests.A02_InventoryTest@27406a17]" started-at="2024-07-07T12:11:51 IST" name="setupBrow" finished-at="2024-07-07T12:11:56 IST" duration-ms="4947" status="PASS">
          <reporter-output>
          </reporter-output>
        </test-method> <!-- setupBrow -->
        <test-method is-config="true" signature="pagesetup()[pri:0, instance:swagLabs02_Tests.A02_InventoryTest@27406a17]" started-at="2024-07-07T12:11:56 IST" name="pagesetup" finished-at="2024-07-07T12:11:57 IST" duration-ms="1154" status="PASS">
          <reporter-output>
          </reporter-output>
        </test-method> <!-- pagesetup -->
        <test-method signature="getCount()[pri:1, instance:swagLabs02_Tests.A02_InventoryTest@27406a17]" started-at="2024-07-07T12:11:57 IST" name="getCount" finished-at="2024-07-07T12:11:58 IST" duration-ms="93" status="PASS">
          <reporter-output>
          </reporter-output>
        </test-method> <!-- getCount -->
        <test-method signature="getprodNames()[pri:2, instance:swagLabs02_Tests.A02_InventoryTest@27406a17]" started-at="2024-07-07T12:11:58 IST" name="getprodNames" finished-at="2024-07-07T12:11:58 IST" duration-ms="265" status="PASS">
          <reporter-output>
          </reporter-output>
        </test-method> <!-- getprodNames -->
        <test-method signature="addCart()[pri:3, instance:swagLabs02_Tests.A02_InventoryTest@27406a17]" started-at="2024-07-07T12:11:58 IST" name="addCart" finished-at="2024-07-07T12:11:59 IST" duration-ms="764" status="PASS">
          <reporter-output>
          </reporter-output>
        </test-method> <!-- addCart -->
        <test-method signature="openCart()[pri:4, instance:swagLabs02_Tests.A02_InventoryTest@27406a17]" started-at="2024-07-07T12:11:59 IST" name="openCart" finished-at="2024-07-07T12:11:59 IST" duration-ms="166" status="PASS">
          <reporter-output>
          </reporter-output>
        </test-method> <!-- openCart -->
        <test-method is-config="true" signature="tearDown()[pri:0, instance:swagLabs02_Tests.A02_InventoryTest@27406a17]" started-at="2024-07-07T12:11:59 IST" name="tearDown" finished-at="2024-07-07T12:12:01 IST" duration-ms="2441" status="PASS">
          <reporter-output>
          </reporter-output>
        </test-method> <!-- tearDown -->
      </class> <!-- swagLabs02_Tests.A02_InventoryTest -->
    </test> <!-- inventoryPage -->
    <test started-at="2024-07-07T12:12:01 IST" name="cartPage" finished-at="2024-07-07T12:12:12 IST" duration-ms="10321">
      <class name="swagLabs02_Tests.A03_CartTest">
        <test-method is-config="true" signature="setupBrow()[pri:0, instance:swagLabs02_Tests.A03_CartTest@3e27ba32]" started-at="2024-07-07T12:12:01 IST" name="setupBrow" finished-at="2024-07-07T12:12:05 IST" duration-ms="3660" status="PASS">
          <reporter-output>
          </reporter-output>
        </test-method> <!-- setupBrow -->
        <test-method is-config="true" signature="pagesetup()[pri:0, instance:swagLabs02_Tests.A03_CartTest@3e27ba32]" started-at="2024-07-07T12:12:05 IST" name="pagesetup" finished-at="2024-07-07T12:12:08 IST" duration-ms="2879" status="PASS">
          <reporter-output>
          </reporter-output>
        </test-method> <!-- pagesetup -->
        <test-method signature="prodDesc()[pri:1, instance:swagLabs02_Tests.A03_CartTest@3e27ba32]" started-at="2024-07-07T12:12:08 IST" name="prodDesc" finished-at="2024-07-07T12:12:08 IST" duration-ms="67" status="PASS">
          <reporter-output>
          </reporter-output>
        </test-method> <!-- prodDesc -->
        <test-method signature="remProd()[pri:2, instance:swagLabs02_Tests.A03_CartTest@3e27ba32]" started-at="2024-07-07T12:12:08 IST" name="remProd" finished-at="2024-07-07T12:12:08 IST" duration-ms="228" status="PASS">
          <reporter-output>
          </reporter-output>
        </test-method> <!-- remProd -->
        <test-method signature="continueShop()[pri:3, instance:swagLabs02_Tests.A03_CartTest@3e27ba32]" started-at="2024-07-07T12:12:08 IST" name="continueShop" finished-at="2024-07-07T12:12:09 IST" duration-ms="816" status="PASS">
          <reporter-output>
          </reporter-output>
        </test-method> <!-- continueShop -->
        <test-method signature="checkoutPro()[pri:4, instance:swagLabs02_Tests.A03_CartTest@3e27ba32]" started-at="2024-07-07T12:12:09 IST" name="checkoutPro" finished-at="2024-07-07T12:12:09 IST" duration-ms="280" status="PASS">
          <reporter-output>
          </reporter-output>
        </test-method> <!-- checkoutPro -->
        <test-method is-config="true" signature="tearDown()[pri:0, instance:swagLabs02_Tests.A03_CartTest@3e27ba32]" started-at="2024-07-07T12:12:09 IST" name="tearDown" finished-at="2024-07-07T12:12:12 IST" duration-ms="2365" status="PASS">
          <reporter-output>
          </reporter-output>
        </test-method> <!-- tearDown -->
      </class> <!-- swagLabs02_Tests.A03_CartTest -->
    </test> <!-- cartPage -->
    <test started-at="2024-07-07T12:12:12 IST" name="checkoutPage" finished-at="2024-07-07T12:12:22 IST" duration-ms="10341">
      <class name="swagLabs02_Tests.A04_CheckoutTest">
        <test-method is-config="true" signature="setupBrow()[pri:0, instance:swagLabs02_Tests.A04_CheckoutTest@7161d8d1]" started-at="2024-07-07T12:12:12 IST" name="setupBrow" finished-at="2024-07-07T12:12:16 IST" duration-ms="4494" status="PASS">
          <reporter-output>
          </reporter-output>
        </test-method> <!-- setupBrow -->
        <test-method is-config="true" signature="pageSetup()[pri:0, instance:swagLabs02_Tests.A04_CheckoutTest@7161d8d1]" started-at="2024-07-07T12:12:16 IST" name="pageSetup" finished-at="2024-07-07T12:12:18 IST" duration-ms="2176" status="PASS">
          <reporter-output>
          </reporter-output>
        </test-method> <!-- pageSetup -->
        <test-method signature="checkTitle()[pri:1, instance:swagLabs02_Tests.A04_CheckoutTest@7161d8d1]" started-at="2024-07-07T12:12:18 IST" name="checkTitle" finished-at="2024-07-07T12:12:18 IST" duration-ms="47" status="PASS">
          <reporter-output>
          </reporter-output>
        </test-method> <!-- checkTitle -->
        <test-method signature="cancelCheckout()[pri:2, instance:swagLabs02_Tests.A04_CheckoutTest@7161d8d1]" started-at="2024-07-07T12:12:18 IST" name="cancelCheckout" finished-at="2024-07-07T12:12:18 IST" duration-ms="163" status="PASS">
          <reporter-output>
          </reporter-output>
        </test-method> <!-- cancelCheckout -->
        <test-method signature="continueCheckout()[pri:3, instance:swagLabs02_Tests.A04_CheckoutTest@7161d8d1]" started-at="2024-07-07T12:12:18 IST" name="continueCheckout" finished-at="2024-07-07T12:12:19 IST" duration-ms="963" status="PASS">
          <reporter-output>
          </reporter-output>
        </test-method> <!-- continueCheckout -->
        <test-method is-config="true" signature="tearDown()[pri:0, instance:swagLabs02_Tests.A04_CheckoutTest@7161d8d1]" started-at="2024-07-07T12:12:19 IST" name="tearDown" finished-at="2024-07-07T12:12:22 IST" duration-ms="2479" status="PASS">
          <reporter-output>
          </reporter-output>
        </test-method> <!-- tearDown -->
      </class> <!-- swagLabs02_Tests.A04_CheckoutTest -->
    </test> <!-- checkoutPage -->
    <test started-at="2024-07-07T12:12:22 IST" name="overviewTest" finished-at="2024-07-07T12:12:32 IST" duration-ms="10102">
      <class name="swagLabs02_Tests.A05_OverviewTest">
        <test-method is-config="true" signature="setupBrow()[pri:0, instance:swagLabs02_Tests.A05_OverviewTest@6bbe85a8]" started-at="2024-07-07T12:12:22 IST" name="setupBrow" finished-at="2024-07-07T12:12:26 IST" duration-ms="4245" status="PASS">
          <reporter-output>
          </reporter-output>
        </test-method> <!-- setupBrow -->
        <test-method is-config="true" signature="pageSetup()[pri:0, instance:swagLabs02_Tests.A05_OverviewTest@6bbe85a8]" started-at="2024-07-07T12:12:26 IST" name="pageSetup" finished-at="2024-07-07T12:12:29 IST" duration-ms="3088" status="PASS">
          <reporter-output>
          </reporter-output>
        </test-method> <!-- pageSetup -->
        <test-method signature="getDetails()[pri:1, instance:swagLabs02_Tests.A05_OverviewTest@6bbe85a8]" started-at="2024-07-07T12:12:29 IST" name="getDetails" finished-at="2024-07-07T12:12:29 IST" duration-ms="67" status="PASS">
          <reporter-output>
          </reporter-output>
        </test-method> <!-- getDetails -->
        <test-method signature="finish()[pri:2, instance:swagLabs02_Tests.A05_OverviewTest@6bbe85a8]" started-at="2024-07-07T12:12:29 IST" name="finish" finished-at="2024-07-07T12:12:30 IST" duration-ms="316" status="PASS">
          <reporter-output>
          </reporter-output>
        </test-method> <!-- finish -->
        <test-method is-config="true" signature="tearDown()[pri:0, instance:swagLabs02_Tests.A05_OverviewTest@6bbe85a8]" started-at="2024-07-07T12:12:30 IST" name="tearDown" finished-at="2024-07-07T12:12:32 IST" duration-ms="2368" status="PASS">
          <reporter-output>
          </reporter-output>
        </test-method> <!-- tearDown -->
      </class> <!-- swagLabs02_Tests.A05_OverviewTest -->
    </test> <!-- overviewTest -->
  </suite> <!-- Suite -->
</testng-results>
