<?xml version="1.0" encoding="UTF-8"?>
<testng-results ignored="0" total="16" passed="16" failed="0" skipped="0">
  <reporter-output>
  </reporter-output>
  <suite started-at="2024-07-06T18:34:26 IST" name="Suite" finished-at="2024-07-06T18:35:05 IST" duration-ms="39796">
    <groups>
    </groups>
    <test started-at="2024-07-06T18:34:26 IST" name="loginPage" finished-at="2024-07-06T18:34:34 IST" duration-ms="8187">
      <class name="swagLabs02_Tests.A01_LoginTest">
        <test-method is-config="true" signature="setupBrow()[pri:0, instance:swagLabs02_Tests.A01_LoginTest@70e9c95d]" started-at="2024-07-06T18:34:26 IST" name="setupBrow" finished-at="2024-07-06T18:34:31 IST" duration-ms="5030" status="PASS">
          <reporter-output>
          </reporter-output>
        </test-method> <!-- setupBrow -->
        <test-method signature="verifyUrl()[pri:1, instance:swagLabs02_Tests.A01_LoginTest@70e9c95d]" started-at="2024-07-06T18:34:31 IST" name="verifyUrl" finished-at="2024-07-06T18:34:31 IST" duration-ms="60" status="PASS">
          <reporter-output>
          </reporter-output>
        </test-method> <!-- verifyUrl -->
        <test-method signature="verifyTitle()[pri:2, instance:swagLabs02_Tests.A01_LoginTest@70e9c95d]" started-at="2024-07-06T18:34:31 IST" name="verifyTitle" finished-at="2024-07-06T18:34:31 IST" duration-ms="31" status="PASS">
          <reporter-output>
          </reporter-output>
        </test-method> <!-- verifyTitle -->
        <test-method signature="login()[pri:3, instance:swagLabs02_Tests.A01_LoginTest@70e9c95d]" started-at="2024-07-06T18:34:31 IST" name="login" finished-at="2024-07-06T18:34:31 IST" duration-ms="624" status="PASS">
          <reporter-output>
          </reporter-output>
        </test-method> <!-- login -->
        <test-method is-config="true" signature="tearDown()[pri:0, instance:swagLabs02_Tests.A01_LoginTest@70e9c95d]" started-at="2024-07-06T18:34:32 IST" name="tearDown" finished-at="2024-07-06T18:34:34 IST" duration-ms="2291" status="PASS">
          <reporter-output>
          </reporter-output>
        </test-method> <!-- tearDown -->
      </class> <!-- swagLabs02_Tests.A01_LoginTest -->
    </test> <!-- loginPage -->
    <test started-at="2024-07-06T18:34:34 IST" name="inventoryPage" finished-at="2024-07-06T18:34:41 IST" duration-ms="7529">
      <class name="swagLabs02_Tests.A02_InventoryTest">
        <test-method is-config="true" signature="setupBrow()[pri:0, instance:swagLabs02_Tests.A02_InventoryTest@27406a17]" started-at="2024-07-06T18:34:34 IST" name="setupBrow" finished-at="2024-07-06T18:34:38 IST" duration-ms="3915" status="PASS">
          <reporter-output>
          </reporter-output>
        </test-method> <!-- setupBrow -->
        <test-method is-config="true" signature="pagesetup()[pri:0, instance:swagLabs02_Tests.A02_InventoryTest@27406a17]" started-at="2024-07-06T18:34:38 IST" name="pagesetup" finished-at="2024-07-06T18:34:38 IST" duration-ms="655" status="PASS">
          <reporter-output>
          </reporter-output>
        </test-method> <!-- pagesetup -->
        <test-method signature="getCount()[pri:1, instance:swagLabs02_Tests.A02_InventoryTest@27406a17]" started-at="2024-07-06T18:34:38 IST" name="getCount" finished-at="2024-07-06T18:34:39 IST" duration-ms="43" status="PASS">
          <reporter-output>
          </reporter-output>
        </test-method> <!-- getCount -->
        <test-method signature="getprodNames()[pri:2, instance:swagLabs02_Tests.A02_InventoryTest@27406a17]" started-at="2024-07-06T18:34:39 IST" name="getprodNames" finished-at="2024-07-06T18:34:39 IST" duration-ms="158" status="PASS">
          <reporter-output>
          </reporter-output>
        </test-method> <!-- getprodNames -->
        <test-method signature="addCart()[pri:3, instance:swagLabs02_Tests.A02_InventoryTest@27406a17]" started-at="2024-07-06T18:34:39 IST" name="addCart" finished-at="2024-07-06T18:34:39 IST" duration-ms="298" status="PASS">
          <reporter-output>
          </reporter-output>
        </test-method> <!-- addCart -->
        <test-method signature="openCart()[pri:4, instance:swagLabs02_Tests.A02_InventoryTest@27406a17]" started-at="2024-07-06T18:34:39 IST" name="openCart" finished-at="2024-07-06T18:34:39 IST" duration-ms="101" status="PASS">
          <reporter-output>
          </reporter-output>
        </test-method> <!-- openCart -->
        <test-method is-config="true" signature="tearDown()[pri:0, instance:swagLabs02_Tests.A02_InventoryTest@27406a17]" started-at="2024-07-06T18:34:39 IST" name="tearDown" finished-at="2024-07-06T18:34:41 IST" duration-ms="2328" status="PASS">
          <reporter-output>
          </reporter-output>
        </test-method> <!-- tearDown -->
      </class> <!-- swagLabs02_Tests.A02_InventoryTest -->
    </test> <!-- inventoryPage -->
    <test started-at="2024-07-06T18:34:41 IST" name="cartPage" finished-at="2024-07-06T18:34:49 IST" duration-ms="7830">
      <class name="swagLabs02_Tests.A03_CartTest">
        <test-method is-config="true" signature="setupBrow()[pri:0, instance:swagLabs02_Tests.A03_CartTest@3e27ba32]" started-at="2024-07-06T18:34:41 IST" name="setupBrow" finished-at="2024-07-06T18:34:45 IST" duration-ms="3809" status="PASS">
          <reporter-output>
          </reporter-output>
        </test-method> <!-- setupBrow -->
        <test-method is-config="true" signature="pagesetup()[pri:0, instance:swagLabs02_Tests.A03_CartTest@3e27ba32]" started-at="2024-07-06T18:34:45 IST" name="pagesetup" finished-at="2024-07-06T18:34:46 IST" duration-ms="1092" status="PASS">
          <reporter-output>
          </reporter-output>
        </test-method> <!-- pagesetup -->
        <test-method signature="prodDesc()[pri:1, instance:swagLabs02_Tests.A03_CartTest@3e27ba32]" started-at="2024-07-06T18:34:46 IST" name="prodDesc" finished-at="2024-07-06T18:34:46 IST" duration-ms="45" status="PASS">
          <reporter-output>
          </reporter-output>
        </test-method> <!-- prodDesc -->
        <test-method signature="remProd()[pri:2, instance:swagLabs02_Tests.A03_CartTest@3e27ba32]" started-at="2024-07-06T18:34:46 IST" name="remProd" finished-at="2024-07-06T18:34:46 IST" duration-ms="88" status="PASS">
          <reporter-output>
          </reporter-output>
        </test-method> <!-- remProd -->
        <test-method signature="continueShop()[pri:3, instance:swagLabs02_Tests.A03_CartTest@3e27ba32]" started-at="2024-07-06T18:34:46 IST" name="continueShop" finished-at="2024-07-06T18:34:47 IST" duration-ms="411" status="PASS">
          <reporter-output>
          </reporter-output>
        </test-method> <!-- continueShop -->
        <test-method signature="checkoutPro()[pri:4, instance:swagLabs02_Tests.A03_CartTest@3e27ba32]" started-at="2024-07-06T18:34:47 IST" name="checkoutPro" finished-at="2024-07-06T18:34:47 IST" duration-ms="104" status="PASS">
          <reporter-output>
          </reporter-output>
        </test-method> <!-- checkoutPro -->
        <test-method is-config="true" signature="tearDown()[pri:0, instance:swagLabs02_Tests.A03_CartTest@3e27ba32]" started-at="2024-07-06T18:34:47 IST" name="tearDown" finished-at="2024-07-06T18:34:49 IST" duration-ms="2262" status="PASS">
          <reporter-output>
          </reporter-output>
        </test-method> <!-- tearDown -->
      </class> <!-- swagLabs02_Tests.A03_CartTest -->
    </test> <!-- cartPage -->
    <test started-at="2024-07-06T18:34:49 IST" name="checkoutPage" finished-at="2024-07-06T18:34:57 IST" duration-ms="7987">
      <class name="swagLabs02_Tests.A04_CheckoutTest">
        <test-method is-config="true" signature="setupBrow()[pri:0, instance:swagLabs02_Tests.A04_CheckoutTest@7161d8d1]" started-at="2024-07-06T18:34:49 IST" name="setupBrow" finished-at="2024-07-06T18:34:53 IST" duration-ms="3785" status="PASS">
          <reporter-output>
          </reporter-output>
        </test-method> <!-- setupBrow -->
        <test-method is-config="true" signature="pageSetup()[pri:0, instance:swagLabs02_Tests.A04_CheckoutTest@7161d8d1]" started-at="2024-07-06T18:34:53 IST" name="pageSetup" finished-at="2024-07-06T18:34:54 IST" duration-ms="1204" status="PASS">
          <reporter-output>
          </reporter-output>
        </test-method> <!-- pageSetup -->
        <test-method signature="checkTitle()[pri:1, instance:swagLabs02_Tests.A04_CheckoutTest@7161d8d1]" started-at="2024-07-06T18:34:54 IST" name="checkTitle" finished-at="2024-07-06T18:34:54 IST" duration-ms="38" status="PASS">
          <reporter-output>
          </reporter-output>
        </test-method> <!-- checkTitle -->
        <test-method signature="cancelCheckout()[pri:2, instance:swagLabs02_Tests.A04_CheckoutTest@7161d8d1]" started-at="2024-07-06T18:34:54 IST" name="cancelCheckout" finished-at="2024-07-06T18:34:54 IST" duration-ms="107" status="PASS">
          <reporter-output>
          </reporter-output>
        </test-method> <!-- cancelCheckout -->
        <test-method signature="continueCheckout()[pri:3, instance:swagLabs02_Tests.A04_CheckoutTest@7161d8d1]" started-at="2024-07-06T18:34:54 IST" name="continueCheckout" finished-at="2024-07-06T18:34:55 IST" duration-ms="588" status="PASS">
          <reporter-output>
          </reporter-output>
        </test-method> <!-- continueCheckout -->
        <test-method is-config="true" signature="tearDown()[pri:0, instance:swagLabs02_Tests.A04_CheckoutTest@7161d8d1]" started-at="2024-07-06T18:34:55 IST" name="tearDown" finished-at="2024-07-06T18:34:57 IST" duration-ms="2253" status="PASS">
          <reporter-output>
          </reporter-output>
        </test-method> <!-- tearDown -->
      </class> <!-- swagLabs02_Tests.A04_CheckoutTest -->
    </test> <!-- checkoutPage -->
    <test started-at="2024-07-06T18:34:57 IST" name="overviewTest" finished-at="2024-07-06T18:35:05 IST" duration-ms="8140">
      <class name="swagLabs02_Tests.A05_OverviewTest">
        <test-method is-config="true" signature="setupBrow()[pri:0, instance:swagLabs02_Tests.A05_OverviewTest@6bbe85a8]" started-at="2024-07-06T18:34:57 IST" name="setupBrow" finished-at="2024-07-06T18:35:01 IST" duration-ms="3897" status="PASS">
          <reporter-output>
          </reporter-output>
        </test-method> <!-- setupBrow -->
        <test-method is-config="true" signature="pageSetup()[pri:0, instance:swagLabs02_Tests.A05_OverviewTest@6bbe85a8]" started-at="2024-07-06T18:35:01 IST" name="pageSetup" finished-at="2024-07-06T18:35:03 IST" duration-ms="1790" status="PASS">
          <reporter-output>
          </reporter-output>
        </test-method> <!-- pageSetup -->
        <test-method signature="getDetails()[pri:1, instance:swagLabs02_Tests.A05_OverviewTest@6bbe85a8]" started-at="2024-07-06T18:35:03 IST" name="getDetails" finished-at="2024-07-06T18:35:03 IST" duration-ms="47" status="PASS">
          <reporter-output>
          </reporter-output>
        </test-method> <!-- getDetails -->
        <test-method signature="finish()[pri:2, instance:swagLabs02_Tests.A05_OverviewTest@6bbe85a8]" started-at="2024-07-06T18:35:03 IST" name="finish" finished-at="2024-07-06T18:35:03 IST" duration-ms="121" status="PASS">
          <reporter-output>
          </reporter-output>
        </test-method> <!-- finish -->
        <test-method is-config="true" signature="tearDown()[pri:0, instance:swagLabs02_Tests.A05_OverviewTest@6bbe85a8]" started-at="2024-07-06T18:35:03 IST" name="tearDown" finished-at="2024-07-06T18:35:05 IST" duration-ms="2276" status="PASS">
          <reporter-output>
          </reporter-output>
        </test-method> <!-- tearDown -->
      </class> <!-- swagLabs02_Tests.A05_OverviewTest -->
    </test> <!-- overviewTest -->
  </suite> <!-- Suite -->
</testng-results>
