<?xml version="1.0" encoding="UTF-8"?>
<testng-results ignored="0" total="16" passed="16" failed="0" skipped="0">
  <reporter-output>
  </reporter-output>
  <suite started-at="2024-07-17T18:44:24 IST" name="Suite" finished-at="2024-07-17T18:45:09 IST" duration-ms="45115">
    <groups>
    </groups>
    <test started-at="2024-07-17T18:44:24 IST" name="loginPage" finished-at="2024-07-17T18:44:33 IST" duration-ms="8794">
      <class name="swagLabs02_Tests.A01_LoginTest">
        <test-method is-config="true" signature="setupBrow()[pri:0, instance:swagLabs02_Tests.A01_LoginTest@74589991]" started-at="2024-07-17T18:44:24 IST" name="setupBrow" finished-at="2024-07-17T18:44:29 IST" duration-ms="5461" status="PASS">
          <reporter-output>
          </reporter-output>
        </test-method> <!-- setupBrow -->
        <test-method signature="verifyUrl()[pri:1, instance:swagLabs02_Tests.A01_LoginTest@74589991]" started-at="2024-07-17T18:44:29 IST" name="verifyUrl" finished-at="2024-07-17T18:44:30 IST" duration-ms="107" status="PASS">
          <reporter-output>
          </reporter-output>
        </test-method> <!-- verifyUrl -->
        <test-method signature="verifyTitle()[pri:2, instance:swagLabs02_Tests.A01_LoginTest@74589991]" started-at="2024-07-17T18:44:30 IST" name="verifyTitle" finished-at="2024-07-17T18:44:30 IST" duration-ms="27" status="PASS">
          <reporter-output>
          </reporter-output>
        </test-method> <!-- verifyTitle -->
        <test-method signature="login()[pri:3, instance:swagLabs02_Tests.A01_LoginTest@74589991]" started-at="2024-07-17T18:44:30 IST" name="login" finished-at="2024-07-17T18:44:30 IST" duration-ms="645" status="PASS">
          <reporter-output>
          </reporter-output>
        </test-method> <!-- login -->
        <test-method is-config="true" signature="tearDown()[pri:0, instance:swagLabs02_Tests.A01_LoginTest@74589991]" started-at="2024-07-17T18:44:30 IST" name="tearDown" finished-at="2024-07-17T18:44:33 IST" duration-ms="2304" status="PASS">
          <reporter-output>
          </reporter-output>
        </test-method> <!-- tearDown -->
      </class> <!-- swagLabs02_Tests.A01_LoginTest -->
    </test> <!-- loginPage -->
    <test started-at="2024-07-17T18:44:33 IST" name="inventoryPage" finished-at="2024-07-17T18:44:41 IST" duration-ms="7968">
      <class name="swagLabs02_Tests.A02_InventoryTest">
        <test-method is-config="true" signature="setupBrow()[pri:0, instance:swagLabs02_Tests.A02_InventoryTest@764faa6]" started-at="2024-07-17T18:44:33 IST" name="setupBrow" finished-at="2024-07-17T18:44:37 IST" duration-ms="3938" status="PASS">
          <reporter-output>
          </reporter-output>
        </test-method> <!-- setupBrow -->
        <test-method is-config="true" signature="pagesetup()[pri:0, instance:swagLabs02_Tests.A02_InventoryTest@764faa6]" started-at="2024-07-17T18:44:37 IST" name="pagesetup" finished-at="2024-07-17T18:44:38 IST" duration-ms="764" status="PASS">
          <reporter-output>
          </reporter-output>
        </test-method> <!-- pagesetup -->
        <test-method signature="getCount()[pri:1, instance:swagLabs02_Tests.A02_InventoryTest@764faa6]" started-at="2024-07-17T18:44:38 IST" name="getCount" finished-at="2024-07-17T18:44:38 IST" duration-ms="43" status="PASS">
          <reporter-output>
          </reporter-output>
        </test-method> <!-- getCount -->
        <test-method signature="getprodNames()[pri:2, instance:swagLabs02_Tests.A02_InventoryTest@764faa6]" started-at="2024-07-17T18:44:38 IST" name="getprodNames" finished-at="2024-07-17T18:44:38 IST" duration-ms="145" status="PASS">
          <reporter-output>
          </reporter-output>
        </test-method> <!-- getprodNames -->
        <test-method signature="addCart()[pri:3, instance:swagLabs02_Tests.A02_InventoryTest@764faa6]" started-at="2024-07-17T18:44:38 IST" name="addCart" finished-at="2024-07-17T18:44:39 IST" duration-ms="471" status="PASS">
          <reporter-output>
          </reporter-output>
        </test-method> <!-- addCart -->
        <test-method signature="openCart()[pri:4, instance:swagLabs02_Tests.A02_InventoryTest@764faa6]" started-at="2024-07-17T18:44:39 IST" name="openCart" finished-at="2024-07-17T18:44:39 IST" duration-ms="89" status="PASS">
          <reporter-output>
          </reporter-output>
        </test-method> <!-- openCart -->
        <test-method is-config="true" signature="tearDown()[pri:0, instance:swagLabs02_Tests.A02_InventoryTest@764faa6]" started-at="2024-07-17T18:44:39 IST" name="tearDown" finished-at="2024-07-17T18:44:41 IST" duration-ms="2482" status="PASS">
          <reporter-output>
          </reporter-output>
        </test-method> <!-- tearDown -->
      </class> <!-- swagLabs02_Tests.A02_InventoryTest -->
    </test> <!-- inventoryPage -->
    <test started-at="2024-07-17T18:44:41 IST" name="cartPage" finished-at="2024-07-17T18:44:52 IST" duration-ms="10252">
      <class name="swagLabs02_Tests.A03_CartTest">
        <test-method is-config="true" signature="setupBrow()[pri:0, instance:swagLabs02_Tests.A03_CartTest@29526c05]" started-at="2024-07-17T18:44:41 IST" name="setupBrow" finished-at="2024-07-17T18:44:45 IST" duration-ms="3976" status="PASS">
          <reporter-output>
          </reporter-output>
        </test-method> <!-- setupBrow -->
        <test-method is-config="true" signature="pagesetup()[pri:0, instance:swagLabs02_Tests.A03_CartTest@29526c05]" started-at="2024-07-17T18:44:45 IST" name="pagesetup" finished-at="2024-07-17T18:44:47 IST" duration-ms="1387" status="PASS">
          <reporter-output>
          </reporter-output>
        </test-method> <!-- pagesetup -->
        <test-method signature="prodDesc()[pri:1, instance:swagLabs02_Tests.A03_CartTest@29526c05]" started-at="2024-07-17T18:44:47 IST" name="prodDesc" finished-at="2024-07-17T18:44:47 IST" duration-ms="44" status="PASS">
          <reporter-output>
          </reporter-output>
        </test-method> <!-- prodDesc -->
        <test-method signature="remProd()[pri:2, instance:swagLabs02_Tests.A03_CartTest@29526c05]" started-at="2024-07-17T18:44:47 IST" name="remProd" finished-at="2024-07-17T18:44:47 IST" duration-ms="195" status="PASS">
          <reporter-output>
          </reporter-output>
        </test-method> <!-- remProd -->
        <test-method signature="continueShop()[pri:3, instance:swagLabs02_Tests.A03_CartTest@29526c05]" started-at="2024-07-17T18:44:47 IST" name="continueShop" finished-at="2024-07-17T18:44:48 IST" duration-ms="585" status="PASS">
          <reporter-output>
          </reporter-output>
        </test-method> <!-- continueShop -->
        <test-method signature="checkoutPro()[pri:4, instance:swagLabs02_Tests.A03_CartTest@29526c05]" started-at="2024-07-17T18:44:48 IST" name="checkoutPro" finished-at="2024-07-17T18:44:48 IST" duration-ms="221" status="PASS">
          <reporter-output>
          </reporter-output>
        </test-method> <!-- checkoutPro -->
        <test-method is-config="true" signature="tearDown()[pri:0, instance:swagLabs02_Tests.A03_CartTest@29526c05]" started-at="2024-07-17T18:44:48 IST" name="tearDown" finished-at="2024-07-17T18:44:52 IST" duration-ms="3828" status="PASS">
          <reporter-output>
          </reporter-output>
        </test-method> <!-- tearDown -->
      </class> <!-- swagLabs02_Tests.A03_CartTest -->
    </test> <!-- cartPage -->
    <test started-at="2024-07-17T18:44:52 IST" name="checkoutPage" finished-at="2024-07-17T18:45:00 IST" duration-ms="8580">
      <class name="swagLabs02_Tests.A04_CheckoutTest">
        <test-method is-config="true" signature="setupBrow()[pri:0, instance:swagLabs02_Tests.A04_CheckoutTest@50d13246]" started-at="2024-07-17T18:44:52 IST" name="setupBrow" finished-at="2024-07-17T18:44:56 IST" duration-ms="3943" status="PASS">
          <reporter-output>
          </reporter-output>
        </test-method> <!-- setupBrow -->
        <test-method is-config="true" signature="pageSetup()[pri:0, instance:swagLabs02_Tests.A04_CheckoutTest@50d13246]" started-at="2024-07-17T18:44:56 IST" name="pageSetup" finished-at="2024-07-17T18:44:57 IST" duration-ms="1502" status="PASS">
          <reporter-output>
          </reporter-output>
        </test-method> <!-- pageSetup -->
        <test-method signature="checkTitle()[pri:1, instance:swagLabs02_Tests.A04_CheckoutTest@50d13246]" started-at="2024-07-17T18:44:57 IST" name="checkTitle" finished-at="2024-07-17T18:44:57 IST" duration-ms="41" status="PASS">
          <reporter-output>
          </reporter-output>
        </test-method> <!-- checkTitle -->
        <test-method signature="cancelCheckout()[pri:2, instance:swagLabs02_Tests.A04_CheckoutTest@50d13246]" started-at="2024-07-17T18:44:57 IST" name="cancelCheckout" finished-at="2024-07-17T18:44:57 IST" duration-ms="108" status="PASS">
          <reporter-output>
          </reporter-output>
        </test-method> <!-- cancelCheckout -->
        <test-method signature="continueCheckout()[pri:3, instance:swagLabs02_Tests.A04_CheckoutTest@50d13246]" started-at="2024-07-17T18:44:57 IST" name="continueCheckout" finished-at="2024-07-17T18:44:58 IST" duration-ms="709" status="PASS">
          <reporter-output>
          </reporter-output>
        </test-method> <!-- continueCheckout -->
        <test-method is-config="true" signature="tearDown()[pri:0, instance:swagLabs02_Tests.A04_CheckoutTest@50d13246]" started-at="2024-07-17T18:44:58 IST" name="tearDown" finished-at="2024-07-17T18:45:00 IST" duration-ms="2267" status="PASS">
          <reporter-output>
          </reporter-output>
        </test-method> <!-- tearDown -->
      </class> <!-- swagLabs02_Tests.A04_CheckoutTest -->
    </test> <!-- checkoutPage -->
    <test started-at="2024-07-17T18:45:00 IST" name="overviewTest" finished-at="2024-07-17T18:45:09 IST" duration-ms="8576">
      <class name="swagLabs02_Tests.A05_OverviewTest">
        <test-method is-config="true" signature="setupBrow()[pri:0, instance:swagLabs02_Tests.A05_OverviewTest@d62fe5b]" started-at="2024-07-17T18:45:00 IST" name="setupBrow" finished-at="2024-07-17T18:45:04 IST" duration-ms="3951" status="PASS">
          <reporter-output>
          </reporter-output>
        </test-method> <!-- setupBrow -->
        <test-method is-config="true" signature="pageSetup()[pri:0, instance:swagLabs02_Tests.A05_OverviewTest@d62fe5b]" started-at="2024-07-17T18:45:04 IST" name="pageSetup" finished-at="2024-07-17T18:45:06 IST" duration-ms="1990" status="PASS">
          <reporter-output>
          </reporter-output>
        </test-method> <!-- pageSetup -->
        <test-method signature="getDetails()[pri:1, instance:swagLabs02_Tests.A05_OverviewTest@d62fe5b]" started-at="2024-07-17T18:45:06 IST" name="getDetails" finished-at="2024-07-17T18:45:06 IST" duration-ms="45" status="PASS">
          <reporter-output>
          </reporter-output>
        </test-method> <!-- getDetails -->
        <test-method signature="finish()[pri:2, instance:swagLabs02_Tests.A05_OverviewTest@d62fe5b]" started-at="2024-07-17T18:45:06 IST" name="finish" finished-at="2024-07-17T18:45:07 IST" duration-ms="291" status="PASS">
          <reporter-output>
          </reporter-output>
        </test-method> <!-- finish -->
        <test-method is-config="true" signature="tearDown()[pri:0, instance:swagLabs02_Tests.A05_OverviewTest@d62fe5b]" started-at="2024-07-17T18:45:07 IST" name="tearDown" finished-at="2024-07-17T18:45:09 IST" duration-ms="2284" status="PASS">
          <reporter-output>
          </reporter-output>
        </test-method> <!-- tearDown -->
      </class> <!-- swagLabs02_Tests.A05_OverviewTest -->
    </test> <!-- overviewTest -->
  </suite> <!-- Suite -->
</testng-results>
