<?xml version="1.0" encoding="UTF-8"?>
<testsuite xmlns:xsi="http://www.w3.org/2001/XMLSchema-instance" xsi:noNamespaceSchemaLocation="https://maven.apache.org/surefire/maven-surefire-plugin/xsd/surefire-test-report.xsd" version="3.0.2" name="TestSuite" time="47.054" tests="16" errors="0" skipped="0" failures="0">
  <properties>
[...]
</properties>
  <testcase name="verifyUrl" classname="swagLabs02_Tests.A01_LoginTest" time="0.259">
    <system-out><![CDATA[TC is Passed
]]></system-out>
    <system-err><![CDATA[SLF4J: Failed to load class "org.slf4j.impl.StaticLoggerBinder".
SLF4J: Defaulting to no-operation (NOP) logger implementation
SLF4J: See http://www.slf4j.org/codes.html#StaticLoggerBinder for further details.
Jul 17, 2024 6:44:27 PM org.openqa.selenium.devtools.CdpVersionFinder findNearestMatch
WARNING: Unable to find an exact match for CDP version 126, returning the closest version; found: 122; Please update to a Selenium version that supports CDP version 126
]]></system-err>
  </testcase>
  <testcase name="verifyTitle" classname="swagLabs02_Tests.A01_LoginTest" time="0.035">
    <system-out><![CDATA[TC is Passed
]]></system-out>
  </testcase>
  <testcase name="login" classname="swagLabs02_Tests.A01_LoginTest" time="0.659">
    <system-out><![CDATA[TC is Passed
]]></system-out>
  </testcase>
  <testcase name="getCount" classname="swagLabs02_Tests.A02_InventoryTest" time="0.053">
    <system-out><![CDATA[TC is Passed as Count is Matching
]]></system-out>
    <system-err><![CDATA[Jul 17, 2024 6:44:35 PM org.openqa.selenium.devtools.CdpVersionFinder findNearestMatch
WARNING: Unable to find an exact match for CDP version 126, returning the closest version; found: 122; Please update to a Selenium version that supports CDP version 126
]]></system-err>
  </testcase>
  <testcase name="getprodNames" classname="swagLabs02_Tests.A02_InventoryTest" time="0.145">
    <system-out><![CDATA[
Below are List of Items
Sauce Labs Backpack
Sauce Labs Bike Light
Sauce Labs Bolt T-Shirt
Sauce Labs Fleece Jacket
Sauce Labs Onesie
Test.allTheThings() T-Shirt (Red)
]]></system-out>
  </testcase>
  <testcase name="addCart" classname="swagLabs02_Tests.A02_InventoryTest" time="0.47">
    <system-out><![CDATA[
Item to be select
Sauce Labs Fleece Jacket is added to cart
]]></system-out>
  </testcase>
  <testcase name="openCart" classname="swagLabs02_Tests.A02_InventoryTest" time="0.103"/>
  <testcase name="prodDesc" classname="swagLabs02_Tests.A03_CartTest" time="0.048">
    <system-out><![CDATA[
Item to be select
Sauce Labs Fleece Jacket is added to cart
Description of Product is: Sauce Labs Fleece Jacket
It's not every day that you come across a midweight quarter-zip fleece jacket capable of handling everything from a relaxing day outdoors to a busy day at the office.
$49.99
Remove
]]></system-out>
    <system-err><![CDATA[Jul 17, 2024 6:44:43 PM org.openqa.selenium.devtools.CdpVersionFinder findNearestMatch
WARNING: Unable to find an exact match for CDP version 126, returning the closest version; found: 122; Please update to a Selenium version that supports CDP version 126
]]></system-err>
  </testcase>
  <testcase name="remProd" classname="swagLabs02_Tests.A03_CartTest" time="0.202">
    <system-out><![CDATA[Product is Removed
]]></system-out>
  </testcase>
  <testcase name="continueShop" classname="swagLabs02_Tests.A03_CartTest" time="0.579">
    <system-out><![CDATA[Landed on Inventory page

Item to be select
Sauce Labs Fleece Jacket is added to cart
]]></system-out>
  </testcase>
  <testcase name="checkoutPro" classname="swagLabs02_Tests.A03_CartTest" time="0.223">
    <system-out><![CDATA[Landed on Checkout Page
]]></system-out>
  </testcase>
  <testcase name="checkTitle" classname="swagLabs02_Tests.A04_CheckoutTest" time="0.046">
    <system-out><![CDATA[
Item to be select
Sauce Labs Fleece Jacket is added to cart
Landed on Checkout Page
TC is Passed as Title is Matching
]]></system-out>
    <system-err><![CDATA[Jul 17, 2024 6:44:54 PM org.openqa.selenium.devtools.CdpVersionFinder findNearestMatch
WARNING: Unable to find an exact match for CDP version 126, returning the closest version; found: 122; Please update to a Selenium version that supports CDP version 126
]]></system-err>
  </testcase>
  <testcase name="cancelCheckout" classname="swagLabs02_Tests.A04_CheckoutTest" time="0.109">
    <system-out><![CDATA[TC is Passed as Url is Matching
]]></system-out>
  </testcase>
  <testcase name="continueCheckout" classname="swagLabs02_Tests.A04_CheckoutTest" time="0.708">
    <system-out><![CDATA[Landed on Checkout Page
TC is Passed as Url1 is Matching
]]></system-out>
  </testcase>
  <testcase name="getDetails" classname="swagLabs02_Tests.A05_OverviewTest" time="0.06">
    <system-out><![CDATA[
Item to be select
Sauce Labs Fleece Jacket is added to cart
Landed on Checkout Page
TC is Passed as Url1 is Matching
QTYDescription
1
Sauce Labs Fleece Jacket
It's not every day that you come across a midweight quarter-zip fleece jacket capable of handling everything from a relaxing day outdoors to a busy day at the office.
$49.99
Payment Information:
SauceCard #31337
Shipping Information:
Free Pony Express Delivery!
Price Total
Item total: $49.99
Tax: $4.00
Total: $53.99
Cancel
Finish
]]></system-out>
    <system-err><![CDATA[Jul 17, 2024 6:45:02 PM org.openqa.selenium.devtools.CdpVersionFinder findNearestMatch
WARNING: Unable to find an exact match for CDP version 126, returning the closest version; found: 122; Please update to a Selenium version that supports CDP version 126
]]></system-err>
  </testcase>
  <testcase name="finish" classname="swagLabs02_Tests.A05_OverviewTest" time="0.288">
    <system-out><![CDATA[Thank you for your order!
TC is Passed as Heading is Matching
]]></system-out>
  </testcase>
</testsuite>