<?xml version="1.0" encoding="UTF-8"?>
<!-- Generated by org.testng.reporters.JUnitXMLReporter -->
<testsuite ignored="0" hostname="DESKTOP-A3145QO" failures="0" tests="3" name="Default test" time="10.824" errors="0" timestamp="2024-07-05T10:07:06 IST">
  <testcase classname="swagLabs02_Tests.A04_CheckoutTest" name="checkTitle" time="0.044"/>
  <testcase classname="swagLabs02_Tests.A04_CheckoutTest" name="cancelCheckout" time="0.113"/>
  <testcase classname="swagLabs02_Tests.A04_CheckoutTest" name="continueCheckout" time="0.582"/>
</testsuite> <!-- Default test -->
