<?xml version="1.0" encoding="UTF-8"?>
<!-- Generated by org.testng.reporters.JUnitXMLReporter -->
<testsuite ignored="0" hostname="DESKTOP-A3145QO" failures="0" tests="3" name="Default test" time="6.118" errors="0" timestamp="2024-07-04T19:53:41 IST">
  <testcase classname="swagLabs02_Tests.A02_InventoryTest" name="getCount" time="0.047"/>
  <testcase classname="swagLabs02_Tests.A02_InventoryTest" name="getprodNames" time="0.139"/>
  <testcase classname="swagLabs02_Tests.A02_InventoryTest" name="addCart" time="0.29"/>
</testsuite> <!-- Default test -->
